2026-02-06T13:32:18.150+05:00  INFO 62658 --- [EventBuddy Demo] [main] c.e.e.EventBuddyDemoApplication          : Starting EventBuddyDemoApplication using Java 25 with PID 62658 (/Users/germancerkasov/Downloads/EventBuddy Demo/target/classes started by germancerkasov in /Users/germancerkasov/Downloads/EventBuddy Demo)
2026-02-06T13:32:18.151+05:00 DEBUG 62658 --- [EventBuddy Demo] [main] c.e.e.EventBuddyDemoApplication          : Running with Spring Boot v3.5.6, Spring v6.2.11
2026-02-06T13:32:18.151+05:00  INFO 62658 --- [EventBuddy Demo] [main] c.e.e.EventBuddyDemoApplication          : No active profile set, falling back to 1 default profile: "default"
2026-02-06T13:32:18.446+05:00  INFO 62658 --- [EventBuddy Demo] [main] .s.d.r.c.RepositoryConfigurationDelegate : Multiple Spring Data modules found, entering strict repository configuration mode
2026-02-06T13:32:18.446+05:00  INFO 62658 --- [EventBuddy Demo] [main] .s.d.r.c.RepositoryConfigurationDelegate : Bootstrapping Spring Data JPA repositories in DEFAULT mode.
2026-02-06T13:32:18.498+05:00  INFO 62658 --- [EventBuddy Demo] [main] .s.d.r.c.RepositoryConfigurationDelegate : Finished Spring Data repository scanning in 49 ms. Found 3 JPA repository interfaces.
2026-02-06T13:32:18.505+05:00  INFO 62658 --- [EventBuddy Demo] [main] .s.d.r.c.RepositoryConfigurationDelegate : Multiple Spring Data modules found, entering strict repository configuration mode
2026-02-06T13:32:18.506+05:00  INFO 62658 --- [EventBuddy Demo] [main] .s.d.r.c.RepositoryConfigurationDelegate : Bootstrapping Spring Data Redis repositories in DEFAULT mode.
2026-02-06T13:32:18.511+05:00  INFO 62658 --- [EventBuddy Demo] [main] .RepositoryConfigurationExtensionSupport : Spring Data Redis - Could not safely identify store assignment for repository candidate interface com.eventbuddy.eventbuddydemo.repository.ProjectMemberRepository; If you want this repository to be a Redis repository, consider annotating your entities with one of these annotations: org.springframework.data.redis.core.RedisHash (preferred), or consider extending one of the following types with your repository: org.springframework.data.keyvalue.repository.KeyValueRepository
2026-02-06T13:32:18.511+05:00  INFO 62658 --- [EventBuddy Demo] [main] .RepositoryConfigurationExtensionSupport : Spring Data Redis - Could not safely identify store assignment for repository candidate interface com.eventbuddy.eventbuddydemo.repository.ProjectRepository; If you want this repository to be a Redis repository, consider annotating your entities with one of these annotations: org.springframework.data.redis.core.RedisHash (preferred), or consider extending one of the following types with your repository: org.springframework.data.keyvalue.repository.KeyValueRepository
2026-02-06T13:32:18.511+05:00  INFO 62658 --- [EventBuddy Demo] [main] .RepositoryConfigurationExtensionSupport : Spring Data Redis - Could not safely identify store assignment for repository candidate interface com.eventbuddy.eventbuddydemo.repository.UserRepository; If you want this repository to be a Redis repository, consider annotating your entities with one of these annotations: org.springframework.data.redis.core.RedisHash (preferred), or consider extending one of the following types with your repository: org.springframework.data.keyvalue.repository.KeyValueRepository
2026-02-06T13:32:18.511+05:00  INFO 62658 --- [EventBuddy Demo] [main] .s.d.r.c.RepositoryConfigurationDelegate : Finished Spring Data repository scanning in 2 ms. Found 0 Redis repository interfaces.
2026-02-06T13:32:18.731+05:00  INFO 62658 --- [EventBuddy Demo] [main] o.s.b.w.embedded.tomcat.TomcatWebServer  : Tomcat initialized with port 8080 (https)
2026-02-06T13:32:18.737+05:00  INFO 62658 --- [EventBuddy Demo] [main] o.apache.catalina.core.StandardService   : Starting service [Tomcat]
2026-02-06T13:32:18.737+05:00  INFO 62658 --- [EventBuddy Demo] [main] o.apache.catalina.core.StandardEngine    : Starting Servlet engine: [Apache Tomcat/10.1.46]
2026-02-06T13:32:18.756+05:00  INFO 62658 --- [EventBuddy Demo] [main] o.a.c.c.C.[Tomcat].[localhost].[/]       : Initializing Spring embedded WebApplicationContext
2026-02-06T13:32:18.756+05:00  INFO 62658 --- [EventBuddy Demo] [main] w.s.c.ServletWebServerApplicationContext : Root WebApplicationContext: initialization completed in 585 ms
2026-02-06T13:32:18.802+05:00  INFO 62658 --- [EventBuddy Demo] [main] o.hibernate.jpa.internal.util.LogHelper  : HHH000204: Processing PersistenceUnitInfo [name: default]
2026-02-06T13:32:18.823+05:00  INFO 62658 --- [EventBuddy Demo] [main] org.hibernate.Version                    : HHH000412: Hibernate ORM core version 6.6.29.Final
2026-02-06T13:32:18.835+05:00  INFO 62658 --- [EventBuddy Demo] [main] o.h.c.internal.RegionFactoryInitiator    : HHH000026: Second-level cache disabled
2026-02-06T13:32:18.996+05:00  INFO 62658 --- [EventBuddy Demo] [main] o.s.o.j.p.SpringPersistenceUnitInfo      : No LoadTimeWeaver setup: ignoring JPA class transformer
2026-02-06T13:32:19.006+05:00  INFO 62658 --- [EventBuddy Demo] [main] com.zaxxer.hikari.HikariDataSource       : HikariPool-1 - Starting...
2026-02-06T13:32:19.061+05:00  INFO 62658 --- [EventBuddy Demo] [main] com.zaxxer.hikari.pool.HikariPool        : HikariPool-1 - Added connection org.postgresql.jdbc.PgConnection@738a39cc
2026-02-06T13:32:19.061+05:00  INFO 62658 --- [EventBuddy Demo] [main] com.zaxxer.hikari.HikariDataSource       : HikariPool-1 - Start completed.
2026-02-06T13:32:19.075+05:00  WARN 62658 --- [EventBuddy Demo] [main] org.hibernate.orm.deprecation            : HHH90000025: PostgreSQLDialect does not need to be specified explicitly using 'hibernate.dialect' (remove the property setting and it will be selected by default)
2026-02-06T13:32:19.081+05:00  INFO 62658 --- [EventBuddy Demo] [main] org.hibernate.orm.connections.pooling    : HHH10001005: Database info:
	Database JDBC URL [Connecting through datasource 'HikariDataSource (HikariPool-1)']
	Database driver: undefined/unknown
	Database version: 15.14
	Autocommit mode: undefined/unknown
	Isolation level: undefined/unknown
	Minimum pool size: undefined/unknown
	Maximum pool size: undefined/unknown
2026-02-06T13:32:19.412+05:00  INFO 62658 --- [EventBuddy Demo] [main] o.h.e.t.j.p.i.JtaPlatformInitiator       : HHH000489: No JTA platform available (set 'hibernate.transaction.jta.platform' to enable JTA platform integration)
2026-02-06T13:32:19.442+05:00  INFO 62658 --- [EventBuddy Demo] [main] j.LocalContainerEntityManagerFactoryBean : Initialized JPA EntityManagerFactory for persistence unit 'default'
2026-02-06T13:32:19.565+05:00  WARN 62658 --- [EventBuddy Demo] [main] JpaBaseConfiguration$JpaWebConfiguration : spring.jpa.open-in-view is enabled by default. Therefore, database queries may be performed during view rendering. Explicitly configure spring.jpa.open-in-view to disable this warning
2026-02-06T13:32:19.597+05:00 DEBUG 62658 --- [EventBuddy Demo] [main] .m.m.a.ExceptionHandlerExceptionResolver : ControllerAdvice beans: 2 @ExceptionHandler, 1 ResponseBodyAdvice
2026-02-06T13:32:19.615+05:00 DEBUG 62658 --- [EventBuddy Demo] [main] c.e.e.config.JwtAuthenticationFilter     : Filter 'jwtAuthenticationFilter' configured for use
2026-02-06T13:32:19.633+05:00  INFO 62658 --- [EventBuddy Demo] [main] eAuthenticationProviderManagerConfigurer : Global AuthenticationManager configured with AuthenticationProvider bean with name authenticationProvider
2026-02-06T13:32:19.633+05:00  WARN 62658 --- [EventBuddy Demo] [main] r$InitializeUserDetailsManagerConfigurer : Global AuthenticationManager configured with an AuthenticationProvider bean. UserDetailsService beans will not be used by Spring Security for automatically configuring username/password login. Consider removing the AuthenticationProvider bean. Alternatively, consider using the UserDetailsService in a manually instantiated DaoAuthenticationProvider. If the current configuration is intentional, to turn off this warning, increase the logging level of 'org.springframework.security.config.annotation.authentication.configuration.InitializeUserDetailsBeanManagerConfigurer' to ERROR
2026-02-06T13:32:19.703+05:00 DEBUG 62658 --- [EventBuddy Demo] [main] s.w.s.m.m.a.RequestMappingHandlerMapping : 31 mappings in 'requestMappingHandlerMapping'
2026-02-06T13:32:19.713+05:00 DEBUG 62658 --- [EventBuddy Demo] [main] o.s.w.s.handler.SimpleUrlHandlerMapping  : Patterns [/webjars/**, /**, /uploads/**, /swagger-ui*/*swagger-initializer.js, /swagger-ui*/**] in 'resourceHandlerMapping'
2026-02-06T13:32:19.744+05:00 DEBUG 62658 --- [EventBuddy Demo] [main] o.s.s.web.DefaultSecurityFilterChain     : Will secure any request with filters: DisableEncodeUrlFilter, WebAsyncManagerIntegrationFilter, SecurityContextHolderFilter, HeaderWriterFilter, CorsFilter, LogoutFilter, JwtAuthenticationFilter, RequestCacheAwareFilter, SecurityContextHolderAwareRequestFilter, AnonymousAuthenticationFilter, SessionManagementFilter, ExceptionTranslationFilter, AuthorizationFilter
2026-02-06T13:32:19.755+05:00  INFO 62658 --- [EventBuddy Demo] [main] o.s.v.b.OptionalValidatorFactoryBean     : Failed to set up a Bean Validation provider: jakarta.validation.NoProviderFoundException: Unable to create a Configuration, because no Jakarta Bean Validation provider could be found. Add a provider like Hibernate Validator (RI) to your classpath.
2026-02-06T13:32:19.759+05:00 DEBUG 62658 --- [EventBuddy Demo] [main] s.w.s.m.m.a.RequestMappingHandlerAdapter : ControllerAdvice beans: 0 @ModelAttribute, 0 @InitBinder, 1 RequestBodyAdvice, 1 ResponseBodyAdvice
2026-02-06T13:32:19.917+05:00  WARN 62658 --- [EventBuddy Demo] [main] ConfigServletWebServerApplicationContext : Exception encountered during context initialization - cancelling refresh attempt: org.springframework.context.ApplicationContextException: Failed to start bean 'webServerStartStop'
2026-02-06T13:32:19.920+05:00  INFO 62658 --- [EventBuddy Demo] [main] j.LocalContainerEntityManagerFactoryBean : Closing JPA EntityManagerFactory for persistence unit 'default'
2026-02-06T13:32:19.931+05:00  INFO 62658 --- [EventBuddy Demo] [main] com.zaxxer.hikari.HikariDataSource       : HikariPool-1 - Shutdown initiated...
2026-02-06T13:32:19.932+05:00  INFO 62658 --- [EventBuddy Demo] [main] com.zaxxer.hikari.HikariDataSource       : HikariPool-1 - Shutdown completed.
2026-02-06T13:32:19.937+05:00  INFO 62658 --- [EventBuddy Demo] [main] .s.b.a.l.ConditionEvaluationReportLogger : 

Error starting ApplicationContext. To display the condition evaluation report re-run your application with 'debug' enabled.
2026-02-06T13:32:19.942+05:00 ERROR 62658 --- [EventBuddy Demo] [main] o.s.b.d.LoggingFailureAnalysisReporter   : 

***************************
APPLICATION FAILED TO START
***************************

Description:

Web server failed to start. Port 8080 was already in use.

Action:

Identify and stop the process that's listening on port 8080 or configure this application to listen on another port.

